May 09, 2017 11:29:45 AM codeu.chat.RelayMain main
INFO: ============================= START OF LOG =============================
May 09, 2017 11:29:45 AM codeu.chat.RelayMain main
SEVERE: Failed to establish server accept port
java.net.BindException: Address already in use
	at java.net.PlainSocketImpl.socketBind(Native Method)
	at java.net.AbstractPlainSocketImpl.bind(AbstractPlainSocketImpl.java:387)
	at java.net.ServerSocket.bind(ServerSocket.java:375)
	at java.net.ServerSocket.<init>(ServerSocket.java:237)
	at java.net.ServerSocket.<init>(ServerSocket.java:128)
	at codeu.chat.util.connections.ServerConnectionSource.forPort(ServerConnectionSource.java:68)
	at codeu.chat.RelayMain.main(RelayMain.java:49)

May 09, 2017 11:29:52 AM codeu.chat.RelayMain main
INFO: ============================= START OF LOG =============================
May 09, 2017 11:29:52 AM codeu.chat.RelayMain main
SEVERE: Failed to establish server accept port
java.net.BindException: Address already in use
	at java.net.PlainSocketImpl.socketBind(Native Method)
	at java.net.AbstractPlainSocketImpl.bind(AbstractPlainSocketImpl.java:387)
	at java.net.ServerSocket.bind(ServerSocket.java:375)
	at java.net.ServerSocket.<init>(ServerSocket.java:237)
	at java.net.ServerSocket.<init>(ServerSocket.java:128)
	at codeu.chat.util.connections.ServerConnectionSource.forPort(ServerConnectionSource.java:68)
	at codeu.chat.RelayMain.main(RelayMain.java:49)

May 09, 2017 11:30:04 AM codeu.chat.RelayMain main
INFO: ============================= START OF LOG =============================
May 09, 2017 11:30:04 AM codeu.chat.RelayMain main
SEVERE: Failed to establish server accept port
java.net.BindException: Address already in use
	at java.net.PlainSocketImpl.socketBind(Native Method)
	at java.net.AbstractPlainSocketImpl.bind(AbstractPlainSocketImpl.java:387)
	at java.net.ServerSocket.bind(ServerSocket.java:375)
	at java.net.ServerSocket.<init>(ServerSocket.java:237)
	at java.net.ServerSocket.<init>(ServerSocket.java:128)
	at codeu.chat.util.connections.ServerConnectionSource.forPort(ServerConnectionSource.java:68)
	at codeu.chat.RelayMain.main(RelayMain.java:49)

