May 20, 2017 4:02:44 PM codeu.chat.ServerMain main
INFO: ============================= START OF LOG =============================
May 20, 2017 4:02:44 PM codeu.chat.ServerMain main
INFO: Starting server...
May 20, 2017 4:02:44 PM codeu.chat.ServerMain runServer
INFO: Created server.
May 20, 2017 4:02:44 PM codeu.chat.server.Server$1 run
INFO: Reading update from relay...
May 20, 2017 4:02:44 PM codeu.chat.ServerMain runServer
INFO: Established connection...
May 20, 2017 4:02:47 PM codeu.chat.ServerMain runServer
INFO: Connection established.
May 20, 2017 4:02:47 PM codeu.chat.ServerMain runServer
INFO: Established connection...
May 20, 2017 4:02:47 PM codeu.chat.server.Server$2 run
INFO: Handling connection...
May 20, 2017 4:02:47 PM codeu.chat.server.Server$2 run
INFO: Connection handled: ACCEPTED
May 20, 2017 4:02:49 PM codeu.chat.ServerMain runServer
INFO: Connection established.
May 20, 2017 4:02:49 PM codeu.chat.ServerMain runServer
INFO: Established connection...
May 20, 2017 4:02:49 PM codeu.chat.server.Server$2 run
INFO: Handling connection...
May 20, 2017 4:02:49 PM codeu.chat.server.Server$2 run
INFO: Connection handled: ACCEPTED
May 20, 2017 4:02:49 PM codeu.chat.ServerMain runServer
INFO: Connection established.
May 20, 2017 4:02:49 PM codeu.chat.ServerMain runServer
INFO: Established connection...
May 20, 2017 4:02:49 PM codeu.chat.server.Server$2 run
INFO: Handling connection...
May 20, 2017 4:02:49 PM codeu.chat.server.Server$2 run
INFO: Connection handled: ACCEPTED
May 20, 2017 4:02:49 PM codeu.chat.server.Server$1 run
INFO: Reading update from relay...
May 20, 2017 4:02:51 PM codeu.chat.ServerMain runServer
INFO: Connection established.
May 20, 2017 4:02:51 PM codeu.chat.ServerMain runServer
INFO: Established connection...
May 20, 2017 4:02:51 PM codeu.chat.server.Server$2 run
INFO: Handling connection...
May 20, 2017 4:02:51 PM codeu.chat.server.Server$2 run
INFO: Connection handled: ACCEPTED
May 20, 2017 4:02:54 PM codeu.chat.server.Server$1 run
INFO: Reading update from relay...
May 20, 2017 4:02:55 PM codeu.chat.ServerMain runServer
INFO: Connection established.
May 20, 2017 4:02:55 PM codeu.chat.ServerMain runServer
INFO: Established connection...
May 20, 2017 4:02:55 PM codeu.chat.server.Server$2 run
INFO: Handling connection...
May 20, 2017 4:02:55 PM codeu.chat.server.Server addToDatabase
INFO: newUser success (user.id=[UUID:33.3792295289] user.name=user user.time=20-May-2017 16:02:55.067)
May 20, 2017 4:02:55 PM codeu.chat.server.Server$2 run
INFO: Connection handled: ACCEPTED
May 20, 2017 4:02:55 PM codeu.chat.ServerMain runServer
INFO: Connection established.
May 20, 2017 4:02:55 PM codeu.chat.ServerMain runServer
INFO: Established connection...
May 20, 2017 4:02:55 PM codeu.chat.server.Server$2 run
INFO: Handling connection...
May 20, 2017 4:02:55 PM codeu.chat.server.Server$2 run
INFO: Connection handled: ACCEPTED
May 20, 2017 4:02:57 PM codeu.chat.ServerMain runServer
INFO: Connection established.
May 20, 2017 4:02:57 PM codeu.chat.ServerMain runServer
INFO: Established connection...
May 20, 2017 4:02:57 PM codeu.chat.server.Server$2 run
INFO: Handling connection...
May 20, 2017 4:02:57 PM codeu.chat.server.Server$2 run
INFO: Connection handled: ACCEPTED
May 20, 2017 4:02:59 PM codeu.chat.server.Server$1 run
INFO: Reading update from relay...
May 20, 2017 4:03:02 PM codeu.chat.ServerMain runServer
INFO: Connection established.
May 20, 2017 4:03:02 PM codeu.chat.ServerMain runServer
INFO: Established connection...
May 20, 2017 4:03:02 PM codeu.chat.server.Server$2 run
INFO: Handling connection...
May 20, 2017 4:03:02 PM codeu.chat.server.Server$2 run
INFO: Connection handled: ACCEPTED
May 20, 2017 4:03:02 PM codeu.chat.ServerMain runServer
INFO: Connection established.
May 20, 2017 4:03:02 PM codeu.chat.ServerMain runServer
INFO: Established connection...
May 20, 2017 4:03:02 PM codeu.chat.server.Server$2 run
INFO: Handling connection...
May 20, 2017 4:03:02 PM codeu.chat.server.Server$2 run
INFO: Connection handled: ACCEPTED
May 20, 2017 4:03:04 PM codeu.chat.ServerMain runServer
INFO: Connection established.
May 20, 2017 4:03:04 PM codeu.chat.ServerMain runServer
INFO: Established connection...
May 20, 2017 4:03:04 PM codeu.chat.server.Server$2 run
INFO: Handling connection...
May 20, 2017 4:03:04 PM codeu.chat.server.Server$2 run
INFO: Connection handled: ACCEPTED
May 20, 2017 4:03:04 PM codeu.chat.server.Server$1 run
INFO: Reading update from relay...
May 20, 2017 4:03:07 PM codeu.chat.ServerMain runServer
INFO: Connection established.
May 20, 2017 4:03:07 PM codeu.chat.ServerMain runServer
INFO: Established connection...
May 20, 2017 4:03:07 PM codeu.chat.server.Server$2 run
INFO: Handling connection...
May 20, 2017 4:03:07 PM codeu.chat.server.Server$2 run
INFO: Connection handled: ACCEPTED
May 20, 2017 4:03:07 PM codeu.chat.ServerMain runServer
INFO: Connection established.
May 20, 2017 4:03:07 PM codeu.chat.ServerMain runServer
INFO: Established connection...
May 20, 2017 4:03:07 PM codeu.chat.server.Server$2 run
INFO: Handling connection...
May 20, 2017 4:03:07 PM codeu.chat.server.Server$2 run
INFO: Connection handled: ACCEPTED
May 20, 2017 4:03:09 PM codeu.chat.ServerMain runServer
INFO: Connection established.
May 20, 2017 4:03:09 PM codeu.chat.ServerMain runServer
INFO: Established connection...
May 20, 2017 4:03:09 PM codeu.chat.server.Server$2 run
INFO: Handling connection...
May 20, 2017 4:03:09 PM codeu.chat.server.Server$2 run
INFO: Connection handled: ACCEPTED
May 20, 2017 4:03:09 PM codeu.chat.server.Server$1 run
INFO: Reading update from relay...
May 20, 2017 4:14:18 PM codeu.chat.ServerMain main
INFO: ============================= START OF LOG =============================
May 20, 2017 4:14:18 PM codeu.chat.ServerMain main
INFO: Starting server...
May 20, 2017 4:14:18 PM codeu.chat.ServerMain runServer
INFO: Created server.
May 20, 2017 4:14:18 PM codeu.chat.server.Server$1 run
INFO: Reading update from relay...
May 20, 2017 4:14:18 PM codeu.chat.ServerMain runServer
INFO: Established connection...
May 20, 2017 4:14:23 PM codeu.chat.server.Server$1 run
INFO: Reading update from relay...
May 20, 2017 4:15:02 PM codeu.chat.ServerMain main
INFO: ============================= START OF LOG =============================
May 20, 2017 4:15:02 PM codeu.chat.ServerMain main
INFO: Starting server...
May 20, 2017 4:15:02 PM codeu.chat.ServerMain runServer
INFO: Created server.
May 20, 2017 4:15:02 PM codeu.chat.server.Server$1 run
INFO: Reading update from relay...
May 20, 2017 4:15:02 PM codeu.chat.ServerMain runServer
INFO: Established connection...
May 20, 2017 4:15:06 PM codeu.chat.ServerMain runServer
INFO: Connection established.
May 20, 2017 4:15:06 PM codeu.chat.ServerMain runServer
INFO: Established connection...
May 20, 2017 4:15:06 PM codeu.chat.server.Server$2 run
INFO: Handling connection...
May 20, 2017 4:15:06 PM codeu.chat.server.Server$2 run
INFO: Connection handled: ACCEPTED
May 20, 2017 4:15:07 PM codeu.chat.server.Server$1 run
INFO: Reading update from relay...
May 20, 2017 4:15:10 PM codeu.chat.ServerMain runServer
INFO: Connection established.
May 20, 2017 4:15:10 PM codeu.chat.ServerMain runServer
INFO: Established connection...
May 20, 2017 4:15:10 PM codeu.chat.server.Server$2 run
INFO: Handling connection...
May 20, 2017 4:15:10 PM codeu.chat.server.Server addToDatabase
INFO: newUser success (user.id=[UUID:33.4277553953] user.name=user user.time=20-May-2017 16:15:10.836)
May 20, 2017 4:15:10 PM codeu.chat.server.Server$2 run
INFO: Connection handled: ACCEPTED
May 20, 2017 4:15:10 PM codeu.chat.ServerMain runServer
INFO: Connection established.
May 20, 2017 4:15:10 PM codeu.chat.ServerMain runServer
INFO: Established connection...
May 20, 2017 4:15:10 PM codeu.chat.server.Server$2 run
INFO: Handling connection...
May 20, 2017 4:15:10 PM codeu.chat.server.Server$2 run
INFO: Connection handled: ACCEPTED
May 20, 2017 4:15:12 PM codeu.chat.server.Server$1 run
INFO: Reading update from relay...
May 20, 2017 4:15:13 PM codeu.chat.ServerMain runServer
INFO: Connection established.
May 20, 2017 4:15:13 PM codeu.chat.ServerMain runServer
INFO: Established connection...
May 20, 2017 4:15:13 PM codeu.chat.server.Server$2 run
INFO: Handling connection...
May 20, 2017 4:15:13 PM codeu.chat.server.Server$2 run
INFO: Connection handled: ACCEPTED
May 20, 2017 4:15:17 PM codeu.chat.server.Server$1 run
INFO: Reading update from relay...
May 20, 2017 4:15:19 PM codeu.chat.ServerMain runServer
INFO: Connection established.
May 20, 2017 4:15:19 PM codeu.chat.ServerMain runServer
INFO: Established connection...
May 20, 2017 4:15:19 PM codeu.chat.server.Server$2 run
INFO: Handling connection...
May 20, 2017 4:15:19 PM codeu.chat.server.Server$2 run
INFO: Connection handled: ACCEPTED
May 20, 2017 4:15:19 PM codeu.chat.ServerMain runServer
INFO: Connection established.
May 20, 2017 4:15:19 PM codeu.chat.ServerMain runServer
INFO: Established connection...
May 20, 2017 4:15:19 PM codeu.chat.server.Server$2 run
INFO: Handling connection...
May 20, 2017 4:15:19 PM codeu.chat.server.Server$2 run
INFO: Connection handled: ACCEPTED
May 20, 2017 4:15:21 PM codeu.chat.ServerMain runServer
INFO: Connection established.
May 20, 2017 4:15:21 PM codeu.chat.ServerMain runServer
INFO: Established connection...
May 20, 2017 4:15:21 PM codeu.chat.server.Server$2 run
INFO: Handling connection...
May 20, 2017 4:15:21 PM codeu.chat.server.Server$2 run
INFO: Connection handled: ACCEPTED
May 20, 2017 4:15:22 PM codeu.chat.server.Server$1 run
INFO: Reading update from relay...
May 20, 2017 4:15:40 PM codeu.chat.ServerMain main
INFO: ============================= START OF LOG =============================
May 20, 2017 4:15:40 PM codeu.chat.ServerMain main
INFO: Starting server...
May 20, 2017 4:15:40 PM codeu.chat.ServerMain runServer
INFO: Created server.
May 20, 2017 4:15:40 PM codeu.chat.server.Server$1 run
INFO: Reading update from relay...
May 20, 2017 4:15:40 PM codeu.chat.ServerMain runServer
INFO: Established connection...
May 20, 2017 4:15:45 PM codeu.chat.server.Server$1 run
INFO: Reading update from relay...
May 20, 2017 4:15:47 PM codeu.chat.ServerMain runServer
INFO: Connection established.
May 20, 2017 4:15:47 PM codeu.chat.ServerMain runServer
INFO: Established connection...
May 20, 2017 4:15:47 PM codeu.chat.server.Server$2 run
INFO: Handling connection...
May 20, 2017 4:15:47 PM codeu.chat.server.Server addToDatabase
INFO: newUser success (user.id=[UUID:33.699004956] user.name=user user.time=20-May-2017 16:15:47.810)
May 20, 2017 4:15:47 PM codeu.chat.server.Server$2 run
INFO: Connection handled: ACCEPTED
May 20, 2017 4:15:47 PM codeu.chat.ServerMain runServer
INFO: Connection established.
May 20, 2017 4:15:47 PM codeu.chat.ServerMain runServer
INFO: Established connection...
May 20, 2017 4:15:47 PM codeu.chat.server.Server$2 run
INFO: Handling connection...
May 20, 2017 4:15:47 PM codeu.chat.server.Server$2 run
INFO: Connection handled: ACCEPTED
May 20, 2017 4:15:49 PM codeu.chat.ServerMain runServer
INFO: Connection established.
May 20, 2017 4:15:49 PM codeu.chat.ServerMain runServer
INFO: Established connection...
May 20, 2017 4:15:49 PM codeu.chat.server.Server$2 run
INFO: Handling connection...
May 20, 2017 4:15:49 PM codeu.chat.server.Server$2 run
INFO: Connection handled: ACCEPTED
May 20, 2017 4:15:50 PM codeu.chat.server.Server$1 run
INFO: Reading update from relay...
May 20, 2017 4:15:57 PM codeu.chat.ServerMain main
INFO: ============================= START OF LOG =============================
May 20, 2017 4:15:57 PM codeu.chat.ServerMain main
INFO: Starting server...
May 20, 2017 4:15:57 PM codeu.chat.ServerMain runServer
INFO: Created server.
May 20, 2017 4:15:57 PM codeu.chat.server.Server$1 run
INFO: Reading update from relay...
May 20, 2017 4:15:57 PM codeu.chat.ServerMain runServer
INFO: Established connection...
May 20, 2017 4:16:02 PM codeu.chat.server.Server$1 run
INFO: Reading update from relay...
May 20, 2017 4:16:03 PM codeu.chat.ServerMain runServer
INFO: Connection established.
May 20, 2017 4:16:03 PM codeu.chat.ServerMain runServer
INFO: Established connection...
May 20, 2017 4:16:03 PM codeu.chat.server.Server$2 run
INFO: Handling connection...
May 20, 2017 4:16:03 PM codeu.chat.server.Server$2 run
INFO: Connection handled: ACCEPTED
May 20, 2017 4:16:07 PM codeu.chat.server.Server$1 run
INFO: Reading update from relay...
May 20, 2017 4:16:12 PM codeu.chat.ServerMain runServer
INFO: Connection established.
May 20, 2017 4:16:12 PM codeu.chat.ServerMain runServer
INFO: Established connection...
May 20, 2017 4:16:12 PM codeu.chat.server.Server$2 run
INFO: Handling connection...
May 20, 2017 4:16:12 PM codeu.chat.server.Server$2 run
INFO: Connection handled: ACCEPTED
May 20, 2017 4:16:12 PM codeu.chat.server.Server$1 run
INFO: Reading update from relay...
